2022-05-16 20:41:06.905  INFO 18144 --- [SpringApplicationShutdownHook] j.LocalContainerEntityManagerFactoryBean : Closing JPA EntityManagerFactory for persistence unit 'default'
2022-05-16 20:41:06.911  INFO 18144 --- [SpringApplicationShutdownHook] com.zaxxer.hikari.HikariDataSource       : HikariPool-1 - Shutdown initiated...
2022-05-16 20:41:06.923  INFO 18144 --- [SpringApplicationShutdownHook] com.zaxxer.hikari.HikariDataSource       : HikariPool-1 - Shutdown completed.
2022-05-16 20:41:09.833  INFO 15444 --- [restartedMain] c.m.s.admin.ShopMeBackEndApplication     : Starting ShopMeBackEndApplication using Java 11.0.12 on mahim with PID 15444 (E:\Github\ShopMeEcommerce\ShopMe\ShopMeWebParent\ShopMeBackEnd\target\classes started by LEGION in E:\Github\ShopMeEcommerce\ShopMe)
2022-05-16 20:41:09.843  INFO 15444 --- [restartedMain] c.m.s.admin.ShopMeBackEndApplication     : No active profile set, falling back to default profiles: default
2022-05-16 20:41:09.878  INFO 15444 --- [restartedMain] .e.DevToolsPropertyDefaultsPostProcessor : Devtools property defaults active! Set 'spring.devtools.add-properties' to 'false' to disable
2022-05-16 20:41:09.879  INFO 15444 --- [restartedMain] .e.DevToolsPropertyDefaultsPostProcessor : For additional web related logging consider setting the 'logging.level.web' property to 'DEBUG'
2022-05-16 20:41:10.331  INFO 15444 --- [restartedMain] .s.d.r.c.RepositoryConfigurationDelegate : Bootstrapping Spring Data JPA repositories in DEFAULT mode.
2022-05-16 20:41:10.374  INFO 15444 --- [restartedMain] .s.d.r.c.RepositoryConfigurationDelegate : Finished Spring Data repository scanning in 35 ms. Found 2 JPA repository interfaces.
2022-05-16 20:41:10.732  INFO 15444 --- [restartedMain] o.s.b.w.embedded.tomcat.TomcatWebServer  : Tomcat initialized with port(s): 8080 (http)
2022-05-16 20:41:10.738  INFO 15444 --- [restartedMain] o.apache.catalina.core.StandardService   : Starting service [Tomcat]
2022-05-16 20:41:10.739  INFO 15444 --- [restartedMain] org.apache.catalina.core.StandardEngine  : Starting Servlet engine: [Apache Tomcat/9.0.55]
2022-05-16 20:41:10.826  INFO 15444 --- [restartedMain] o.a.c.c.C.[.[localhost].[/shopme-admin]  : Initializing Spring embedded WebApplicationContext
2022-05-16 20:41:10.826  INFO 15444 --- [restartedMain] w.s.c.ServletWebServerApplicationContext : Root WebApplicationContext: initialization completed in 947 ms
2022-05-16 20:41:10.938  INFO 15444 --- [restartedMain] o.hibernate.jpa.internal.util.LogHelper  : HHH000204: Processing PersistenceUnitInfo [name: default]
2022-05-16 20:41:10.969  INFO 15444 --- [restartedMain] org.hibernate.Version                    : HHH000412: Hibernate ORM core version 5.6.1.Final
2022-05-16 20:41:11.058  INFO 15444 --- [restartedMain] o.hibernate.annotations.common.Version   : HCANN000001: Hibernate Commons Annotations {5.1.2.Final}
2022-05-16 20:41:11.118  INFO 15444 --- [restartedMain] com.zaxxer.hikari.HikariDataSource       : HikariPool-1 - Starting...
2022-05-16 20:41:11.317  INFO 15444 --- [restartedMain] com.zaxxer.hikari.HikariDataSource       : HikariPool-1 - Start completed.
2022-05-16 20:41:11.326  INFO 15444 --- [restartedMain] org.hibernate.dialect.Dialect            : HHH000400: Using dialect: org.hibernate.dialect.MySQL8Dialect
2022-05-16 20:41:11.742  INFO 15444 --- [restartedMain] o.h.e.t.j.p.i.JtaPlatformInitiator       : HHH000490: Using JtaPlatform implementation: [org.hibernate.engine.transaction.jta.platform.internal.NoJtaPlatform]
2022-05-16 20:41:11.748  INFO 15444 --- [restartedMain] j.LocalContainerEntityManagerFactoryBean : Initialized JPA EntityManagerFactory for persistence unit 'default'
2022-05-16 20:41:12.046  WARN 15444 --- [restartedMain] JpaBaseConfiguration$JpaWebConfiguration : spring.jpa.open-in-view is enabled by default. Therefore, database queries may be performed during view rendering. Explicitly configure spring.jpa.open-in-view to disable this warning
2022-05-16 20:41:12.305  INFO 15444 --- [restartedMain] o.s.s.web.DefaultSecurityFilterChain     : Will secure Ant [pattern='/images/**'] with []
2022-05-16 20:41:12.305  INFO 15444 --- [restartedMain] o.s.s.web.DefaultSecurityFilterChain     : Will secure Ant [pattern='/webjars/**'] with []
2022-05-16 20:41:12.305  INFO 15444 --- [restartedMain] o.s.s.web.DefaultSecurityFilterChain     : Will secure Ant [pattern='/js/**'] with []
2022-05-16 20:41:12.327  INFO 15444 --- [restartedMain] o.s.s.web.DefaultSecurityFilterChain     : Will secure any request with [org.springframework.security.web.context.request.async.WebAsyncManagerIntegrationFilter@65822851, org.springframework.security.web.context.SecurityContextPersistenceFilter@5bad0d57, org.springframework.security.web.header.HeaderWriterFilter@f0ae434, org.springframework.security.web.csrf.CsrfFilter@15391b89, org.springframework.security.web.authentication.logout.LogoutFilter@6245b04f, org.springframework.security.web.authentication.UsernamePasswordAuthenticationFilter@74b95cc2, org.springframework.security.web.savedrequest.RequestCacheAwareFilter@55ce4c58, org.springframework.security.web.servletapi.SecurityContextHolderAwareRequestFilter@2e07bb6, org.springframework.security.web.authentication.rememberme.RememberMeAuthenticationFilter@7a7eee00, org.springframework.security.web.authentication.AnonymousAuthenticationFilter@5b63276f, org.springframework.security.web.session.SessionManagementFilter@1c9aed9c, org.springframework.security.web.access.ExceptionTranslationFilter@4e083dd9, org.springframework.security.web.access.intercept.FilterSecurityInterceptor@6837ba42]
2022-05-16 20:41:12.459  INFO 15444 --- [restartedMain] o.s.b.a.w.s.WelcomePageHandlerMapping    : Adding welcome page template: index
2022-05-16 20:41:12.738  INFO 15444 --- [restartedMain] o.s.b.d.a.OptionalLiveReloadServer       : LiveReload server is running on port 35729
2022-05-16 20:41:12.764  INFO 15444 --- [restartedMain] o.s.b.w.embedded.tomcat.TomcatWebServer  : Tomcat started on port(s): 8080 (http) with context path '/shopme-admin'
2022-05-16 20:41:12.772  INFO 15444 --- [restartedMain] c.m.s.admin.ShopMeBackEndApplication     : Started ShopMeBackEndApplication in 3.217 seconds (JVM running for 3.977)
2022-05-15 20:51:50.516  INFO 15444 --- [SpringApplicationShutdownHook] j.LocalContainerEntityManagerFactoryBean : Closing JPA EntityManagerFactory for persistence unit 'default'
2022-05-15 20:51:50.518  INFO 15444 --- [SpringApplicationShutdownHook] com.zaxxer.hikari.HikariDataSource       : HikariPool-1 - Shutdown initiated...
2022-05-15 20:51:50.528  INFO 15444 --- [SpringApplicationShutdownHook] com.zaxxer.hikari.HikariDataSource       : HikariPool-1 - Shutdown completed.
